# JRE version: Java(TM) SE Runtime Environment 18.9 (11.0.16.1+1) (build 11.0.16.1+1-LTS-1)
# Java VM: Java HotSpot(TM) 64-Bit Server VM 18.9 (11.0.16.1+1-LTS-1, mixed mode, tiered, compressed oops, g1 gc, windows-amd64)
Heap:
 garbage-first heap   total 310272K, used 68657K [0x0000000704000000, 0x0000000800000000)
  region size 1024K, 45 young (46080K), 8 survivors (8192K)
 Metaspace       used 74401K, capacity 76066K, committed 76152K, reserved 1116160K
  class space    used 9002K, capacity 9607K, committed 9676K, reserved 1048576K
GC Heap History (10 events):
Event: 2.341 GC heap before
{Heap before GC invocations=4 (full 0):
 garbage-first heap   total 258048K, used 74761K [0x0000000704000000, 0x0000000800000000)
  region size 1024K, 67 young (68608K), 4 survivors (4096K)
 Metaspace       used 34598K, capacity 35390K, committed 35628K, reserved 1081344K
  class space    used 4097K, capacity 4395K, committed 4480K, reserved 1048576K
}
Event: 2.348 GC heap after
{Heap after GC invocations=5 (full 0):
 garbage-first heap   total 258048K, used 14851K [0x0000000704000000, 0x0000000800000000)
  region size 1024K, 8 young (8192K), 8 survivors (8192K)
 Metaspace       used 34598K, capacity 35390K, committed 35628K, reserved 1081344K
  class space    used 4097K, capacity 4395K, committed 4480K, reserved 1048576K
}
Event: 2.361 GC heap before
{Heap before GC invocations=5 (full 0):
 garbage-first heap   total 258048K, used 15875K [0x0000000704000000, 0x0000000800000000)
  region size 1024K, 10 young (10240K), 8 survivors (8192K)
 Metaspace       used 34756K, capacity 35623K, committed 35628K, reserved 1081344K
  class space    used 4130K, capacity 4475K, committed 4480K, reserved 1048576K
}
Event: 2.367 GC heap after
{Heap after GC invocations=6 (full 0):
 garbage-first heap   total 258048K, used 15072K [0x0000000704000000, 0x0000000800000000)
  region size 1024K, 9 young (9216K), 9 survivors (9216K)
 Metaspace       used 34756K, capacity 35623K, committed 35628K, reserved 1081344K
  class space    used 4130K, capacity 4475K, committed 4480K, reserved 1048576K
}
Event: 4.614 GC heap before
{Heap before GC invocations=7 (full 0):
 garbage-first heap   total 258048K, used 117472K [0x0000000704000000, 0x0000000800000000)
  region size 1024K, 109 young (111616K), 9 survivors (9216K)
 Metaspace       used 50041K, capacity 51156K, committed 51448K, reserved 1093632K
  class space    used 6191K, capacity 6618K, committed 6732K, reserved 1048576K
}
Event: 4.625 GC heap after
{Heap after GC invocations=8 (full 0):
 garbage-first heap   total 310272K, used 23711K [0x0000000704000000, 0x0000000800000000)
  region size 1024K, 14 young (14336K), 14 survivors (14336K)
 Metaspace       used 50041K, capacity 51156K, committed 51448K, reserved 1093632K
  class space    used 6191K, capacity 6618K, committed 6732K, reserved 1048576K
}
Event: 5.521 GC heap before
{Heap before GC invocations=8 (full 0):
 garbage-first heap   total 310272K, used 76959K [0x0000000704000000, 0x0000000800000000)
  region size 1024K, 67 young (68608K), 14 survivors (14336K)
 Metaspace       used 58630K, capacity 59805K, committed 59896K, reserved 1101824K
  class space    used 7467K, capacity 7941K, committed 8012K, reserved 1048576K
}
Event: 5.534 GC heap after
{Heap after GC invocations=9 (full 0):
 garbage-first heap   total 310272K, used 27055K [0x0000000704000000, 0x0000000800000000)
  region size 1024K, 12 young (12288K), 12 survivors (12288K)
 Metaspace       used 58630K, capacity 59805K, committed 59896K, reserved 1101824K
  class space    used 7467K, capacity 7941K, committed 8012K, reserved 1048576K
}
Event: 22.655 GC heap before
{Heap before GC invocations=10 (full 0):
 garbage-first heap   total 310272K, used 150959K [0x0000000704000000, 0x0000000800000000)
  region size 1024K, 134 young (137216K), 12 survivors (12288K)
 Metaspace       used 72917K, capacity 74506K, committed 74744K, reserved 1114112K
  class space    used 8892K, capacity 9481K, committed 9548K, reserved 1048576K
}
Event: 22.663 GC heap after
{Heap after GC invocations=11 (full 0):
 garbage-first heap   total 310272K, used 31793K [0x0000000704000000, 0x0000000800000000)
  region size 1024K, 8 young (8192K), 8 survivors (8192K)
 Metaspace       used 72917K, capacity 74506K, committed 74744K, reserved 1114112K
  class space    used 8892K, capacity 9481K, committed 9548K, reserved 1048576K
}

